<?xml version="1.0" encoding="UTF-8"?>
<!-- Generated by org.testng.reporters.JUnitXMLReporter -->
<testsuite hostname="SBMAC0261.local" ignored="0" name="Default test" tests="1" failures="1" timestamp="16 May 2019 12:13:41 GMT" time="13.498" errors="0">
  <testcase name="LoginInvalid" time="0.392" classname="tce.TCEAndroidAPP">
    <failure type="org.openqa.selenium.NoSuchElementException" message="An element could not be located on the page using the given search parameters. (WARNING: The server did not provide any stacktrace information)
Command duration or timeout: 379 milliseconds
For documentation on this error, please visit: http://seleniumhq.org/exceptions/no_such_element.html
Build info: version: &amp;apos;2.46.0&amp;apos;, revision: &amp;apos;61506a4624b13675f24581e453592342b7485d71&amp;apos;, time: &amp;apos;2015-06-04 10:22:50&amp;apos;
System info: host: &amp;apos;SBMAC0261.local&amp;apos;, ip: &amp;apos;10.10.2.44&amp;apos;, os.name: &amp;apos;Mac OS X&amp;apos;, os.arch: &amp;apos;x86_64&amp;apos;, os.version: &amp;apos;10.13.6&amp;apos;, java.version: &amp;apos;1.8.0_91&amp;apos;
Driver info: org.openqa.selenium.remote.RemoteWebDriver
Capabilities [{appPackage=com.app.tce, noReset=true, deviceName=439a9a78, platform=ANDROID, deviceUDID=439a9a78, desired={app=/Users/sapnamishra/Documents/Appium/ApkFiles/tce_1.0_snapshot_debug.apk, noReset=true, automationName=Appium, browserName=, autoGrantPermissions=true, platformName=Android, version=7.1.1, deviceName=Lenovo TB-X304L, platform=ANDROID}, platformVersion=7.1.1, webStorageEnabled=false, automationName=Appium, takesScreenshot=true, browserName=, javascriptEnabled=true, platformName=Android, deviceManufacturer=LENOVO, app=/Users/sapnamishra/Documents/Appium/ApkFiles/tce_1.0_snapshot_debug.apk, deviceScreenSize=800x1280, networkConnectionEnabled=true, warnings={}, appWaitPackage=com.app.tce, appWaitActivity=com.app.tce.ui.NavHostActivity, databaseEnabled=false, version=7.1.1, appActivity=com.app.tce.ui.NavHostActivity, locationContextEnabled=false, autoGrantPermissions=true, deviceModel=Lenovo TB-X304L}]
Session ID: eaf789dd-8169-46ed-8a05-1c94cee07633
*** Element info: {Using=id, value=com.app.tce:id/edt_sign_in_user_name}">
      <![CDATA[org.openqa.selenium.NoSuchElementException: An element could not be located on the page using the given search parameters. (WARNING: The server did not provide any stacktrace information)
Command duration or timeout: 379 milliseconds
For documentation on this error, please visit: http://seleniumhq.org/exceptions/no_such_element.html
Build info: version: '2.46.0', revision: '61506a4624b13675f24581e453592342b7485d71', time: '2015-06-04 10:22:50'
System info: host: 'SBMAC0261.local', ip: '10.10.2.44', os.name: 'Mac OS X', os.arch: 'x86_64', os.version: '10.13.6', java.version: '1.8.0_91'
Driver info: org.openqa.selenium.remote.RemoteWebDriver
Capabilities [{appPackage=com.app.tce, noReset=true, deviceName=439a9a78, platform=ANDROID, deviceUDID=439a9a78, desired={app=/Users/sapnamishra/Documents/Appium/ApkFiles/tce_1.0_snapshot_debug.apk, noReset=true, automationName=Appium, browserName=, autoGrantPermissions=true, platformName=Android, version=7.1.1, deviceName=Lenovo TB-X304L, platform=ANDROID}, platformVersion=7.1.1, webStorageEnabled=false, automationName=Appium, takesScreenshot=true, browserName=, javascriptEnabled=true, platformName=Android, deviceManufacturer=LENOVO, app=/Users/sapnamishra/Documents/Appium/ApkFiles/tce_1.0_snapshot_debug.apk, deviceScreenSize=800x1280, networkConnectionEnabled=true, warnings={}, appWaitPackage=com.app.tce, appWaitActivity=com.app.tce.ui.NavHostActivity, databaseEnabled=false, version=7.1.1, appActivity=com.app.tce.ui.NavHostActivity, locationContextEnabled=false, autoGrantPermissions=true, deviceModel=Lenovo TB-X304L}]
Session ID: eaf789dd-8169-46ed-8a05-1c94cee07633
*** Element info: {Using=id, value=com.app.tce:id/edt_sign_in_user_name}
at sun.reflect.NativeConstructorAccessorImpl.newInstance0(Native Method)
at sun.reflect.NativeConstructorAccessorImpl.newInstance(NativeConstructorAccessorImpl.java:62)
at sun.reflect.DelegatingConstructorAccessorImpl.newInstance(DelegatingConstructorAccessorImpl.java:45)
at java.lang.reflect.Constructor.newInstance(Constructor.java:423)
at org.openqa.selenium.remote.ErrorHandler.createThrowable(ErrorHandler.java:204)
at org.openqa.selenium.remote.ErrorHandler.throwIfResponseFailed(ErrorHandler.java:156)
at org.openqa.selenium.remote.RemoteWebDriver.execute(RemoteWebDriver.java:605)
at org.openqa.selenium.remote.RemoteWebDriver.findElement(RemoteWebDriver.java:358)
at org.openqa.selenium.remote.RemoteWebDriver.findElementById(RemoteWebDriver.java:399)
at org.openqa.selenium.By$ById.findElement(By.java:215)
at org.openqa.selenium.remote.RemoteWebDriver.findElement(RemoteWebDriver.java:350)
at tce.TCEAndroidAPP.LoginInvalid(TCEAndroidAPP.java:45)
at sun.reflect.NativeMethodAccessorImpl.invoke0(Native Method)
at sun.reflect.NativeMethodAccessorImpl.invoke(NativeMethodAccessorImpl.java:62)
at sun.reflect.DelegatingMethodAccessorImpl.invoke(DelegatingMethodAccessorImpl.java:43)
at java.lang.reflect.Method.invoke(Method.java:498)
at org.testng.internal.MethodInvocationHelper.invokeMethod(MethodInvocationHelper.java:124)
at org.testng.internal.Invoker.invokeMethod(Invoker.java:580)
at org.testng.internal.Invoker.invokeTestMethod(Invoker.java:716)
at org.testng.internal.Invoker.invokeTestMethods(Invoker.java:988)
at org.testng.internal.TestMethodWorker.invokeTestMethods(TestMethodWorker.java:125)
at org.testng.internal.TestMethodWorker.run(TestMethodWorker.java:109)
at org.testng.TestRunner.privateRun(TestRunner.java:648)
at org.testng.TestRunner.run(TestRunner.java:505)
at org.testng.SuiteRunner.runTest(SuiteRunner.java:455)
at org.testng.SuiteRunner.runSequentially(SuiteRunner.java:450)
at org.testng.SuiteRunner.privateRun(SuiteRunner.java:415)
at org.testng.SuiteRunner.run(SuiteRunner.java:364)
at org.testng.SuiteRunnerWorker.runSuite(SuiteRunnerWorker.java:52)
at org.testng.SuiteRunnerWorker.run(SuiteRunnerWorker.java:84)
at org.testng.TestNG.runSuitesSequentially(TestNG.java:1208)
at org.testng.TestNG.runSuitesLocally(TestNG.java:1137)
at org.testng.TestNG.runSuites(TestNG.java:1049)
at org.testng.TestNG.run(TestNG.java:1017)
at org.testng.remote.AbstractRemoteTestNG.run(AbstractRemoteTestNG.java:114)
at org.testng.remote.RemoteTestNG.initAndRun(RemoteTestNG.java:251)
at org.testng.remote.RemoteTestNG.main(RemoteTestNG.java:77)
]]>
    </failure>
  </testcase> <!-- LoginInvalid -->
</testsuite> <!-- Default test -->
